<?xml version="1.0" encoding="UTF-8"?>
<!-- Generated by org.testng.reporters.JUnitReportReporter -->
<testsuite hostname="SwechaAntara" failures="0" tests="6" name="parallel.ParallelRun" time="91.231" errors="0" timestamp="2022-12-08T14:57:44 JST" skipped="0">
  <testcase classname="parallel.ParallelRun" name="runScenario" time="9.038"/>
  <system-out/>
  <testcase classname="parallel.ParallelRun" name="runScenario" time="15.544"/>
  <system-out/>
  <testcase classname="parallel.ParallelRun" name="runScenario" time="20.128"/>
  <system-out/>
  <testcase classname="parallel.ParallelRun" name="runScenario" time="12.034"/>
  <system-out/>
  <testcase classname="parallel.ParallelRun" name="runScenario" time="15.834"/>
  <system-out/>
  <testcase classname="parallel.ParallelRun" name="runScenario" time="18.653"/>
  <system-out/>
</testsuite> <!-- parallel.ParallelRun -->
